TN:
SF:src/RebaseToken.sol
DA:25,14
FN:25,RebaseToken.grantMintAndBurnRole
FNDA:14,RebaseToken.grantMintAndBurnRole
DA:26,14
DA:30,3
FN:30,RebaseToken.setInterestRate
FNDA:3,RebaseToken.setInterestRate
DA:31,3
BRDA:31,0,0,1
DA:32,1
DA:34,2
DA:35,2
DA:40,15
FN:40,RebaseToken.mint
FNDA:15,RebaseToken.mint
DA:41,14
DA:42,14
DA:43,14
DA:46,7
FN:46,RebaseToken.burn
FNDA:7,RebaseToken.burn
DA:47,7
BRDA:47,1,0,1
DA:48,1
DA:50,7
DA:51,7
DA:54,19
FN:54,RebaseToken.balanceOf
FNDA:19,RebaseToken.balanceOf
DA:55,58
DA:58,3
FN:58,RebaseToken.transfer
FNDA:3,RebaseToken.transfer
DA:59,3
DA:60,3
DA:61,3
BRDA:61,2,0,1
DA:62,1
DA:64,3
BRDA:64,3,0,3
DA:65,3
DA:67,3
DA:71,2
FN:71,RebaseToken.transferFrom
FNDA:2,RebaseToken.transferFrom
DA:72,2
DA:73,2
DA:74,2
BRDA:74,4,0,1
DA:75,1
DA:77,2
BRDA:77,5,0,2
DA:78,2
DA:80,2
DA:83,3
FN:83,RebaseToken.principleBalanceOf
FNDA:3,RebaseToken.principleBalanceOf
DA:84,3
DA:87,58
FN:87,RebaseToken.calculateUserAccumulatedInterestSinceLastUpdate
FNDA:58,RebaseToken.calculateUserAccumulatedInterestSinceLastUpdate
DA:88,58
DA:89,58
DA:93,31
FN:93,RebaseToken._mintAccuredInterest
FNDA:31,RebaseToken._mintAccuredInterest
DA:94,31
DA:95,31
DA:96,31
DA:97,31
DA:99,31
DA:103,4
FN:103,RebaseToken.getUserInterestRate
FNDA:4,RebaseToken.getUserInterestRate
DA:104,4
DA:107,3
FN:107,RebaseToken.getInterestRate
FNDA:3,RebaseToken.getInterestRate
DA:108,3
FNF:12
FNH:12
LF:49
LH:49
BRF:6
BRH:6
end_of_record
TN:
SF:src/Vault.sol
DA:17,4
FN:17,Vault.constructor
FNDA:4,Vault.constructor
DA:18,4
DA:22,3
FN:22,Vault.deposit
FNDA:3,Vault.deposit
DA:23,3
DA:24,3
DA:29,2
FN:29,Vault.redeem
FNDA:2,Vault.redeem
DA:30,2
DA:31,2
DA:32,2
BRDA:32,0,0,2
DA:33,2
DA:35,0
DA:39,1
FN:39,Vault.getRebaseTokenAddress
FNDA:1,Vault.getRebaseTokenAddress
DA:40,1
FNF:4
FNH:4
LF:13
LH:12
BRF:1
BRH:1
end_of_record
TN:
SF:test/unit/Vault.t.sol
DA:66,2
FN:66,TransferFail.constructor
FNDA:2,TransferFail.constructor
DA:67,2
DA:70,2
FN:70,TransferFail.tryRedeem
FNDA:2,TransferFail.tryRedeem
DA:71,2
DA:74,0
FN:74,TransferFail.receive
FNDA:0,TransferFail.receive
DA:75,0
FNF:3
FNH:2
LF:6
LH:4
BRF:0
BRH:0
end_of_record
